  Igra.cpp
D:\Visual Studio\Kursovaya_3\Igra.h(712,17): warning C4996: 'stricmp': The POSIX name for this item is deprecated. Instead, use the ISO C and C++ conformant name: _stricmp. See online help for details.
  (компиляция исходного файла "Igra.cpp")
  
D:\Visual Studio\Kursovaya_3\Igra.h(716,22): warning C4996: 'stricmp': The POSIX name for this item is deprecated. Instead, use the ISO C and C++ conformant name: _stricmp. See online help for details.
  (компиляция исходного файла "Igra.cpp")
  
D:\Visual Studio\Kursovaya_3\Igra.h(720,22): warning C4996: 'stricmp': The POSIX name for this item is deprecated. Instead, use the ISO C and C++ conformant name: _stricmp. See online help for details.
  (компиляция исходного файла "Igra.cpp")
  
D:\Visual Studio\Kursovaya_3\Igra.h(724,22): warning C4996: 'stricmp': The POSIX name for this item is deprecated. Instead, use the ISO C and C++ conformant name: _stricmp. See online help for details.
  (компиляция исходного файла "Igra.cpp")
  
D:\Visual Studio\Kursovaya_3\Igra.h(728,22): warning C4996: 'stricmp': The POSIX name for this item is deprecated. Instead, use the ISO C and C++ conformant name: _stricmp. See online help for details.
  (компиляция исходного файла "Igra.cpp")
  
  MyForm.cpp
D:\Visual Studio\Kursovaya_3\Apperance.h(20,9): warning C4996: 'strcpy': This function or variable may be unsafe. Consider using strcpy_s instead. To disable deprecation, use _CRT_SECURE_NO_WARNINGS. See online help for details.
  (компиляция исходного файла "MyForm.cpp")
  
D:\Visual Studio\Kursovaya_3\Apperance.h(21,9): warning C4996: 'strcpy': This function or variable may be unsafe. Consider using strcpy_s instead. To disable deprecation, use _CRT_SECURE_NO_WARNINGS. See online help for details.
  (компиляция исходного файла "MyForm.cpp")
  
D:\Visual Studio\Kursovaya_3\Apperance.h(25,9): warning C4996: 'strcpy': This function or variable may be unsafe. Consider using strcpy_s instead. To disable deprecation, use _CRT_SECURE_NO_WARNINGS. See online help for details.
  (компиляция исходного файла "MyForm.cpp")
  
D:\Visual Studio\Kursovaya_3\Apperance.h(26,9): warning C4996: 'strcpy': This function or variable may be unsafe. Consider using strcpy_s instead. To disable deprecation, use _CRT_SECURE_NO_WARNINGS. See online help for details.
  (компиляция исходного файла "MyForm.cpp")
  
D:\Visual Studio\Kursovaya_3\Resident.h(24,9): warning C4996: 'strcpy': This function or variable may be unsafe. Consider using strcpy_s instead. To disable deprecation, use _CRT_SECURE_NO_WARNINGS. See online help for details.
  (компиляция исходного файла "MyForm.cpp")
  
D:\Visual Studio\Kursovaya_3\Resident.h(25,9): warning C4996: 'strcpy': This function or variable may be unsafe. Consider using strcpy_s instead. To disable deprecation, use _CRT_SECURE_NO_WARNINGS. See online help for details.
  (компиляция исходного файла "MyForm.cpp")
  
D:\Visual Studio\Kursovaya_3\Resident.h(26,9): warning C4996: 'strcpy': This function or variable may be unsafe. Consider using strcpy_s instead. To disable deprecation, use _CRT_SECURE_NO_WARNINGS. See online help for details.
  (компиляция исходного файла "MyForm.cpp")
  
D:\Visual Studio\Kursovaya_3\Resident.h(27,9): warning C4996: 'strcpy': This function or variable may be unsafe. Consider using strcpy_s instead. To disable deprecation, use _CRT_SECURE_NO_WARNINGS. See online help for details.
  (компиляция исходного файла "MyForm.cpp")
  
D:\Visual Studio\Kursovaya_3\Resident.h(31,9): warning C4996: 'strcpy': This function or variable may be unsafe. Consider using strcpy_s instead. To disable deprecation, use _CRT_SECURE_NO_WARNINGS. See online help for details.
  (компиляция исходного файла "MyForm.cpp")
  
D:\Visual Studio\Kursovaya_3\Resident.h(32,9): warning C4996: 'strcpy': This function or variable may be unsafe. Consider using strcpy_s instead. To disable deprecation, use _CRT_SECURE_NO_WARNINGS. See online help for details.
  (компиляция исходного файла "MyForm.cpp")
  
D:\Visual Studio\Kursovaya_3\Resident.h(33,9): warning C4996: 'strcpy': This function or variable may be unsafe. Consider using strcpy_s instead. To disable deprecation, use _CRT_SECURE_NO_WARNINGS. See online help for details.
  (компиляция исходного файла "MyForm.cpp")
  
D:\Visual Studio\Kursovaya_3\Resident.h(35,9): warning C4996: 'strcpy': This function or variable may be unsafe. Consider using strcpy_s instead. To disable deprecation, use _CRT_SECURE_NO_WARNINGS. See online help for details.
  (компиляция исходного файла "MyForm.cpp")
  
D:\Visual Studio\Kursovaya_3\VisitorPass.h(23,9): warning C4996: 'strcpy': This function or variable may be unsafe. Consider using strcpy_s instead. To disable deprecation, use _CRT_SECURE_NO_WARNINGS. See online help for details.
  (компиляция исходного файла "MyForm.cpp")
  
D:\Visual Studio\Kursovaya_3\VisitorPass.h(24,9): warning C4996: 'strcpy': This function or variable may be unsafe. Consider using strcpy_s instead. To disable deprecation, use _CRT_SECURE_NO_WARNINGS. See online help for details.
  (компиляция исходного файла "MyForm.cpp")
  
D:\Visual Studio\Kursovaya_3\VisitorPass.h(25,9): warning C4996: 'strcpy': This function or variable may be unsafe. Consider using strcpy_s instead. To disable deprecation, use _CRT_SECURE_NO_WARNINGS. See online help for details.
  (компиляция исходного файла "MyForm.cpp")
  
D:\Visual Studio\Kursovaya_3\VisitorPass.h(29,9): warning C4996: 'strcpy': This function or variable may be unsafe. Consider using strcpy_s instead. To disable deprecation, use _CRT_SECURE_NO_WARNINGS. See online help for details.
  (компиляция исходного файла "MyForm.cpp")
  
D:\Visual Studio\Kursovaya_3\VisitorPass.h(30,9): warning C4996: 'strcpy': This function or variable may be unsafe. Consider using strcpy_s instead. To disable deprecation, use _CRT_SECURE_NO_WARNINGS. See online help for details.
  (компиляция исходного файла "MyForm.cpp")
  
D:\Visual Studio\Kursovaya_3\VisitorPass.h(31,9): warning C4996: 'strcpy': This function or variable may be unsafe. Consider using strcpy_s instead. To disable deprecation, use _CRT_SECURE_NO_WARNINGS. See online help for details.
  (компиляция исходного файла "MyForm.cpp")
  
D:\Visual Studio\Kursovaya_3\Igra.h(666,20): warning C4996: 'fopen': This function or variable may be unsafe. Consider using fopen_s instead. To disable deprecation, use _CRT_SECURE_NO_WARNINGS. See online help for details.
  (компиляция исходного файла "MyForm.cpp")
  
D:\Visual Studio\Kursovaya_3\Igra.h(675,16): warning C4996: 'fscanf': This function or variable may be unsafe. Consider using fscanf_s instead. To disable deprecation, use _CRT_SECURE_NO_WARNINGS. See online help for details.
  (компиляция исходного файла "MyForm.cpp")
  
D:\Visual Studio\Kursovaya_3\Igra.h(712,17): warning C4996: 'stricmp': The POSIX name for this item is deprecated. Instead, use the ISO C and C++ conformant name: _stricmp. See online help for details.
  (компиляция исходного файла "MyForm.cpp")
  
D:\Visual Studio\Kursovaya_3\Igra.h(716,22): warning C4996: 'stricmp': The POSIX name for this item is deprecated. Instead, use the ISO C and C++ conformant name: _stricmp. See online help for details.
  (компиляция исходного файла "MyForm.cpp")
  
D:\Visual Studio\Kursovaya_3\Igra.h(720,22): warning C4996: 'stricmp': The POSIX name for this item is deprecated. Instead, use the ISO C and C++ conformant name: _stricmp. See online help for details.
  (компиляция исходного файла "MyForm.cpp")
  
D:\Visual Studio\Kursovaya_3\Igra.h(724,22): warning C4996: 'stricmp': The POSIX name for this item is deprecated. Instead, use the ISO C and C++ conformant name: _stricmp. See online help for details.
  (компиляция исходного файла "MyForm.cpp")
  
D:\Visual Studio\Kursovaya_3\Igra.h(728,22): warning C4996: 'stricmp': The POSIX name for this item is deprecated. Instead, use the ISO C and C++ conformant name: _stricmp. See online help for details.
  (компиляция исходного файла "MyForm.cpp")
  
D:\Visual Studio\Kursovaya_3\Igra.h(769,16): warning C4996: 'fopen': This function or variable may be unsafe. Consider using fopen_s instead. To disable deprecation, use _CRT_SECURE_NO_WARNINGS. See online help for details.
  (компиляция исходного файла "MyForm.cpp")
  
D:\Visual Studio\Kursovaya_3\Igra.h(778,12): warning C4996: 'fscanf': This function or variable may be unsafe. Consider using fscanf_s instead. To disable deprecation, use _CRT_SECURE_NO_WARNINGS. See online help for details.
  (компиляция исходного файла "MyForm.cpp")
  
D:\Visual Studio\Kursovaya_3\Igra.h(858,28): warning C4996: 'fopen': This function or variable may be unsafe. Consider using fopen_s instead. To disable deprecation, use _CRT_SECURE_NO_WARNINGS. See online help for details.
  (компиляция исходного файла "MyForm.cpp")
  
D:\Visual Studio\Kursovaya_3\Igra.h(875,28): warning C4996: 'fopen': This function or variable may be unsafe. Consider using fopen_s instead. To disable deprecation, use _CRT_SECURE_NO_WARNINGS. See online help for details.
  (компиляция исходного файла "MyForm.cpp")
  
D:\Visual Studio\Kursovaya_3\Igra.h(936,28): warning C4996: 'fopen': This function or variable may be unsafe. Consider using fopen_s instead. To disable deprecation, use _CRT_SECURE_NO_WARNINGS. See online help for details.
  (компиляция исходного файла "MyForm.cpp")
  
D:\Visual Studio\Kursovaya_3\MyForm.h(308,24): warning C4996: 'fopen': This function or variable may be unsafe. Consider using fopen_s instead. To disable deprecation, use _CRT_SECURE_NO_WARNINGS. See online help for details.
  (компиляция исходного файла "MyForm.cpp")
  
D:\Visual Studio\Kursovaya_3\MyForm.h(316,12): warning C4996: 'fscanf': This function or variable may be unsafe. Consider using fscanf_s instead. To disable deprecation, use _CRT_SECURE_NO_WARNINGS. See online help for details.
  (компиляция исходного файла "MyForm.cpp")
  
  Создание кода...
  Apperance.obj : обнаружен модуль MSIL; для MSIL последовательная компоновка отключена; выполняется полная компоновка
  Kursovaya.vcxproj -> D:\Visual Studio\Kursovaya_3\x64\Debug\Kursovaya.exe
